<?xml version="1.0" encoding="UTF-8"?>
<coverage generated="1775206647015" clover="3.2.0">
  <project timestamp="1775206647015" name="All files">
    <metrics statements="107" coveredstatements="100" conditionals="46" coveredconditionals="36" methods="30" coveredmethods="27" elements="183" coveredelements="163" complexity="0" loc="107" ncloc="107" packages="1" files="5" classes="5"/>
    <file name="DigestButton.tsx" path="C:\GitSource\x-ai-news-researcher\dashboard\src\components\DigestButton.tsx">
      <metrics statements="14" coveredstatements="14" conditionals="6" coveredconditionals="5" methods="2" coveredmethods="2"/>
      <line num="2" count="1" type="stmt"/>
      <line num="3" count="1" type="stmt"/>
      <line num="5" count="2" type="stmt"/>
      <line num="6" count="6" type="stmt"/>
      <line num="7" count="6" type="stmt"/>
      <line num="9" count="6" type="stmt"/>
      <line num="10" count="2" type="stmt"/>
      <line num="11" count="2" type="stmt"/>
      <line num="12" count="2" type="stmt"/>
      <line num="13" count="1" type="stmt"/>
      <line num="14" count="1" type="stmt"/>
      <line num="16" count="1" type="cond" truecount="1" falsecount="1"/>
      <line num="17" count="1" type="stmt"/>
      <line num="18" count="1" type="stmt"/>
    </file>
    <file name="FilterBar.tsx" path="C:\GitSource\x-ai-news-researcher\dashboard\src\components\FilterBar.tsx">
      <metrics statements="33" coveredstatements="33" conditionals="9" coveredconditionals="8" methods="10" coveredmethods="10"/>
      <line num="2" count="1" type="stmt"/>
      <line num="5" count="1" type="stmt"/>
      <line num="6" count="1" type="stmt"/>
      <line num="17" count="5" type="stmt"/>
      <line num="18" count="12" type="stmt"/>
      <line num="19" count="12" type="stmt"/>
      <line num="20" count="12" type="stmt"/>
      <line num="22" count="12" type="stmt"/>
      <line num="27" count="6" type="stmt"/>
      <line num="28" count="6" type="cond" truecount="1" falsecount="0"/>
      <line num="29" count="6" type="cond" truecount="1" falsecount="0"/>
      <line num="30" count="6" type="cond" truecount="1" falsecount="0"/>
      <line num="31" count="6" type="stmt"/>
      <line num="34" count="12" type="stmt"/>
      <line num="35" count="2" type="cond" truecount="1" falsecount="1"/>
      <line num="36" count="2" type="stmt"/>
      <line num="37" count="2" type="stmt"/>
      <line num="40" count="12" type="stmt"/>
      <line num="41" count="3" type="stmt"/>
      <line num="42" count="3" type="stmt"/>
      <line num="45" count="12" type="stmt"/>
      <line num="46" count="1" type="stmt"/>
      <line num="47" count="1" type="stmt"/>
      <line num="48" count="1" type="stmt"/>
      <line num="51" count="12" type="stmt"/>
      <line num="52" count="1" type="stmt"/>
      <line num="53" count="1" type="stmt"/>
      <line num="54" count="1" type="stmt"/>
      <line num="55" count="1" type="stmt"/>
      <line num="61" count="48" type="stmt"/>
      <line num="63" count="3" type="stmt"/>
      <line num="78" count="48" type="stmt"/>
      <line num="80" count="2" type="stmt"/>
    </file>
    <file name="NewsFeed.tsx" path="C:\GitSource\x-ai-news-researcher\dashboard\src\components\NewsFeed.tsx">
      <metrics statements="47" coveredstatements="40" conditionals="17" coveredconditionals="12" methods="11" coveredmethods="8"/>
      <line num="2" count="2" type="stmt"/>
      <line num="3" count="2" type="stmt"/>
      <line num="4" count="2" type="stmt"/>
      <line num="5" count="2" type="stmt"/>
      <line num="12" count="8" type="cond" truecount="2" falsecount="0"/>
      <line num="13" count="17" type="stmt"/>
      <line num="14" count="17" type="stmt"/>
      <line num="15" count="17" type="stmt"/>
      <line num="16" count="17" type="stmt"/>
      <line num="17" count="17" type="stmt"/>
      <line num="18" count="17" type="stmt"/>
      <line num="19" count="17" type="stmt"/>
      <line num="21" count="17" type="stmt"/>
      <line num="26" count="17" type="stmt"/>
      <line num="27" count="8" type="stmt"/>
      <line num="28" count="8" type="stmt"/>
      <line num="29" count="8" type="stmt"/>
      <line num="30" count="8" type="cond" truecount="1" falsecount="1"/>
      <line num="31" count="8" type="stmt"/>
      <line num="32" count="8" type="cond" truecount="1" falsecount="0"/>
      <line num="33" count="8" type="stmt"/>
      <line num="36" count="0" type="stmt"/>
      <line num="38" count="8" type="stmt"/>
      <line num="40" count="8" type="stmt"/>
      <line num="45" count="17" type="stmt"/>
      <line num="46" count="8" type="stmt"/>
      <line num="47" count="8" type="stmt"/>
      <line num="52" count="17" type="stmt"/>
      <line num="53" count="8" type="stmt"/>
      <line num="54" count="4" type="stmt"/>
      <line num="55" count="4" type="stmt"/>
      <line num="56" count="4" type="cond" truecount="0" falsecount="1"/>
      <line num="57" count="4" type="stmt"/>
      <line num="58" count="4" type="cond" truecount="1" falsecount="0"/>
      <line num="59" count="2" type="stmt"/>
      <line num="65" count="8" type="stmt"/>
      <line num="69" count="17" type="stmt"/>
      <line num="70" count="0" type="stmt"/>
      <line num="71" count="0" type="stmt"/>
      <line num="72" count="0" type="stmt"/>
      <line num="75" count="17" type="stmt"/>
      <line num="76" count="0" type="stmt"/>
      <line num="77" count="0" type="stmt"/>
      <line num="78" count="0" type="stmt"/>
      <line num="81" count="17" type="stmt"/>
      <line num="99" count="24" type="stmt"/>
      <line num="107" count="9" type="stmt"/>
    </file>
    <file name="PostCard.tsx" path="C:\GitSource\x-ai-news-researcher\dashboard\src\components\PostCard.tsx">
      <metrics statements="5" coveredstatements="5" conditionals="14" coveredconditionals="11" methods="2" coveredmethods="2"/>
      <line num="8" count="3" type="stmt"/>
      <line num="14" count="17" type="stmt"/>
      <line num="16" count="17" type="cond" truecount="1" falsecount="1"/>
      <line num="18" count="17" type="cond" truecount="1" falsecount="1"/>
      <line num="48" count="17" type="stmt"/>
    </file>
    <file name="SearchBox.tsx" path="C:\GitSource\x-ai-news-researcher\dashboard\src\components\SearchBox.tsx">
      <metrics statements="8" coveredstatements="8" conditionals="0" coveredconditionals="0" methods="5" coveredmethods="5"/>
      <line num="2" count="3" type="stmt"/>
      <line num="8" count="19" type="stmt"/>
      <line num="9" count="22" type="stmt"/>
      <line num="11" count="22" type="stmt"/>
      <line num="12" count="13" type="stmt"/>
      <line num="13" count="2" type="stmt"/>
      <line num="15" count="13" type="stmt"/>
      <line num="24" count="3" type="stmt"/>
    </file>
  </project>
</coverage>
