{"C:\\GitSource\\x-ai-news-researcher\\dashboard\\src\\components\\DigestButton.tsx": {"path":"C:\\GitSource\\x-ai-news-researcher\\dashboard\\src\\components\\DigestButton.tsx","statementMap":{"0":{"start":{"line":5,"column":16},"end":{"line":5,"column":null}},"1":{"start":{"line":2,"column":25},"end":{"line":2,"column":null}},"2":{"start":{"line":3,"column":30},"end":{"line":3,"column":null}},"3":{"start":{"line":6,"column":30},"end":{"line":6,"column":null}},"4":{"start":{"line":7,"column":32},"end":{"line":7,"column":null}},"5":{"start":{"line":9,"column":22},"end":{"line":20,"column":null}},"6":{"start":{"line":10,"column":4},"end":{"line":10,"column":null}},"7":{"start":{"line":11,"column":4},"end":{"line":19,"column":null}},"8":{"start":{"line":12,"column":21},"end":{"line":12,"column":null}},"9":{"start":{"line":13,"column":6},"end":{"line":13,"column":null}},"10":{"start":{"line":14,"column":6},"end":{"line":14,"column":null}},"11":{"start":{"line":16,"column":18},"end":{"line":16,"column":null}},"12":{"start":{"line":17,"column":6},"end":{"line":17,"column":null}},"13":{"start":{"line":18,"column":6},"end":{"line":18,"column":null}}},"fnMap":{"0":{"name":"DigestButton","decl":{"start":{"line":5,"column":16},"end":{"line":5,"column":null}},"loc":{"start":{"line":5,"column":16},"end":{"line":43,"column":null}}},"1":{"name":"(anonymous_2)","decl":{"start":{"line":9,"column":22},"end":{"line":9,"column":null}},"loc":{"start":{"line":9,"column":22},"end":{"line":20,"column":null}}}},"branchMap":{"0":{"loc":{"start":{"line":16,"column":18},"end":{"line":16,"column":null}},"type":"cond-expr","locations":[{"start":{"line":16,"column":41},"end":{"line":16,"column":52}},{"start":{"line":16,"column":55},"end":{"line":16,"column":null}}]},"1":{"loc":{"start":{"line":29,"column":9},"end":{"line":29,"column":null}},"type":"cond-expr","locations":[{"start":{"line":29,"column":32},"end":{"line":29,"column":45}},{"start":{"line":29,"column":45},"end":{"line":29,"column":null}}]},"2":{"loc":{"start":{"line":31,"column":7},"end":{"line":31,"column":null}},"type":"binary-expr","locations":[{"start":{"line":31,"column":7},"end":{"line":31,"column":null}}]},"3":{"loc":{"start":{"line":36,"column":7},"end":{"line":36,"column":null}},"type":"binary-expr","locations":[{"start":{"line":36,"column":7},"end":{"line":36,"column":null}}]}},"s":{"0":2,"1":1,"2":1,"3":6,"4":6,"5":6,"6":2,"7":2,"8":2,"9":1,"10":1,"11":1,"12":1,"13":1},"f":{"0":6,"1":2},"b":{"0":[1,0],"1":[2,4],"2":[6],"3":[6]}}
,"C:\\GitSource\\x-ai-news-researcher\\dashboard\\src\\components\\FilterBar.tsx": {"path":"C:\\GitSource\\x-ai-news-researcher\\dashboard\\src\\components\\FilterBar.tsx","statementMap":{"0":{"start":{"line":17,"column":16},"end":{"line":17,"column":26}},"1":{"start":{"line":2,"column":25},"end":{"line":2,"column":null}},"2":{"start":{"line":5,"column":15},"end":{"line":5,"column":null}},"3":{"start":{"line":6,"column":76},"end":{"line":11,"column":null}},"4":{"start":{"line":18,"column":40},"end":{"line":18,"column":null}},"5":{"start":{"line":19,"column":42},"end":{"line":19,"column":null}},"6":{"start":{"line":20,"column":34},"end":{"line":20,"column":null}},"7":{"start":{"line":22,"column":15},"end":{"line":32,"column":null}},"8":{"start":{"line":27,"column":36},"end":{"line":27,"column":null}},"9":{"start":{"line":28,"column":4},"end":{"line":28,"column":null}},"10":{"start":{"line":28,"column":15},"end":{"line":28,"column":null}},"11":{"start":{"line":29,"column":4},"end":{"line":29,"column":null}},"12":{"start":{"line":29,"column":16},"end":{"line":29,"column":null}},"13":{"start":{"line":30,"column":4},"end":{"line":30,"column":null}},"14":{"start":{"line":30,"column":19},"end":{"line":30,"column":null}},"15":{"start":{"line":31,"column":4},"end":{"line":31,"column":null}},"16":{"start":{"line":34,"column":22},"end":{"line":38,"column":null}},"17":{"start":{"line":35,"column":17},"end":{"line":35,"column":null}},"18":{"start":{"line":36,"column":4},"end":{"line":36,"column":null}},"19":{"start":{"line":37,"column":4},"end":{"line":37,"column":null}},"20":{"start":{"line":40,"column":23},"end":{"line":43,"column":null}},"21":{"start":{"line":41,"column":4},"end":{"line":41,"column":null}},"22":{"start":{"line":42,"column":4},"end":{"line":42,"column":null}},"23":{"start":{"line":45,"column":22},"end":{"line":49,"column":null}},"24":{"start":{"line":46,"column":16},"end":{"line":46,"column":null}},"25":{"start":{"line":47,"column":4},"end":{"line":47,"column":null}},"26":{"start":{"line":48,"column":4},"end":{"line":48,"column":null}},"27":{"start":{"line":51,"column":22},"end":{"line":56,"column":null}},"28":{"start":{"line":52,"column":4},"end":{"line":52,"column":null}},"29":{"start":{"line":53,"column":4},"end":{"line":53,"column":null}},"30":{"start":{"line":54,"column":4},"end":{"line":54,"column":null}},"31":{"start":{"line":55,"column":4},"end":{"line":55,"column":null}},"32":{"start":{"line":61,"column":8},"end":{"line":62,"column":null}},"33":{"start":{"line":63,"column":25},"end":{"line":63,"column":null}},"34":{"start":{"line":78,"column":8},"end":{"line":79,"column":null}},"35":{"start":{"line":80,"column":25},"end":{"line":80,"column":null}}},"fnMap":{"0":{"name":"FilterBar","decl":{"start":{"line":17,"column":16},"end":{"line":17,"column":26}},"loc":{"start":{"line":17,"column":45},"end":{"line":114,"column":null}}},"1":{"name":"(anonymous_2)","decl":{"start":{"line":22,"column":15},"end":{"line":22,"column":null}},"loc":{"start":{"line":25,"column":4},"end":{"line":32,"column":null}}},"2":{"name":"(anonymous_3)","decl":{"start":{"line":34,"column":22},"end":{"line":34,"column":23}},"loc":{"start":{"line":34,"column":23},"end":{"line":38,"column":null}}},"3":{"name":"(anonymous_4)","decl":{"start":{"line":40,"column":23},"end":{"line":40,"column":24}},"loc":{"start":{"line":40,"column":24},"end":{"line":43,"column":null}}},"4":{"name":"(anonymous_5)","decl":{"start":{"line":45,"column":22},"end":{"line":45,"column":23}},"loc":{"start":{"line":45,"column":23},"end":{"line":49,"column":null}}},"5":{"name":"(anonymous_6)","decl":{"start":{"line":51,"column":22},"end":{"line":51,"column":null}},"loc":{"start":{"line":51,"column":22},"end":{"line":56,"column":null}}},"6":{"name":"(anonymous_7)","decl":{"start":{"line":60,"column":19},"end":{"line":60,"column":20}},"loc":{"start":{"line":61,"column":8},"end":{"line":62,"column":null}}},"7":{"name":"(anonymous_8)","decl":{"start":{"line":63,"column":19},"end":{"line":63,"column":25}},"loc":{"start":{"line":63,"column":25},"end":{"line":63,"column":null}}},"8":{"name":"(anonymous_9)","decl":{"start":{"line":77,"column":18},"end":{"line":77,"column":19}},"loc":{"start":{"line":78,"column":8},"end":{"line":79,"column":null}}},"9":{"name":"(anonymous_10)","decl":{"start":{"line":80,"column":19},"end":{"line":80,"column":25}},"loc":{"start":{"line":80,"column":25},"end":{"line":80,"column":null}}}},"branchMap":{"0":{"loc":{"start":{"line":28,"column":4},"end":{"line":28,"column":null}},"type":"if","locations":[{"start":{"line":28,"column":4},"end":{"line":28,"column":null}}]},"1":{"loc":{"start":{"line":29,"column":4},"end":{"line":29,"column":null}},"type":"if","locations":[{"start":{"line":29,"column":4},"end":{"line":29,"column":null}}]},"2":{"loc":{"start":{"line":30,"column":4},"end":{"line":30,"column":null}},"type":"if","locations":[{"start":{"line":30,"column":4},"end":{"line":30,"column":null}}]},"3":{"loc":{"start":{"line":35,"column":17},"end":{"line":35,"column":null}},"type":"cond-expr","locations":[{"start":{"line":35,"column":41},"end":{"line":35,"column":48}},{"start":{"line":35,"column":48},"end":{"line":35,"column":null}}]},"4":{"loc":{"start":{"line":66,"column":12},"end":{"line":68,"column":null}},"type":"cond-expr","locations":[{"start":{"line":67,"column":16},"end":{"line":67,"column":null}},{"start":{"line":68,"column":16},"end":{"line":68,"column":null}}]},"5":{"loc":{"start":{"line":83,"column":12},"end":{"line":85,"column":null}},"type":"cond-expr","locations":[{"start":{"line":84,"column":16},"end":{"line":84,"column":null}},{"start":{"line":85,"column":16},"end":{"line":85,"column":null}}]}},"s":{"0":5,"1":1,"2":1,"3":1,"4":12,"5":12,"6":12,"7":12,"8":6,"9":6,"10":2,"11":6,"12":2,"13":6,"14":1,"15":6,"16":12,"17":2,"18":2,"19":2,"20":12,"21":3,"22":3,"23":12,"24":1,"25":1,"26":1,"27":12,"28":1,"29":1,"30":1,"31":1,"32":48,"33":3,"34":48,"35":2},"f":{"0":12,"1":6,"2":2,"3":3,"4":1,"5":1,"6":48,"7":3,"8":48,"9":2},"b":{"0":[2],"1":[2],"2":[1],"3":[0,2],"4":[12,36],"5":[2,46]}}
,"C:\\GitSource\\x-ai-news-researcher\\dashboard\\src\\components\\NewsFeed.tsx": {"path":"C:\\GitSource\\x-ai-news-researcher\\dashboard\\src\\components\\NewsFeed.tsx","statementMap":{"0":{"start":{"line":12,"column":16},"end":{"line":12,"column":25}},"1":{"start":{"line":2,"column":57},"end":{"line":2,"column":null}},"2":{"start":{"line":3,"column":59},"end":{"line":3,"column":null}},"3":{"start":{"line":4,"column":25},"end":{"line":4,"column":null}},"4":{"start":{"line":5,"column":26},"end":{"line":5,"column":null}},"5":{"start":{"line":13,"column":28},"end":{"line":13,"column":null}},"6":{"start":{"line":14,"column":28},"end":{"line":14,"column":null}},"7":{"start":{"line":15,"column":26},"end":{"line":15,"column":null}},"8":{"start":{"line":16,"column":32},"end":{"line":16,"column":null}},"9":{"start":{"line":17,"column":36},"end":{"line":17,"column":null}},"10":{"start":{"line":18,"column":40},"end":{"line":18,"column":null}},"11":{"start":{"line":19,"column":27},"end":{"line":19,"column":null}},"12":{"start":{"line":21,"column":41},"end":{"line":24,"column":null}},"13":{"start":{"line":26,"column":15},"end":{"line":42,"column":null}},"14":{"start":{"line":27,"column":4},"end":{"line":27,"column":null}},"15":{"start":{"line":28,"column":4},"end":{"line":41,"column":null}},"16":{"start":{"line":29,"column":19},"end":{"line":29,"column":null}},"17":{"start":{"line":30,"column":6},"end":{"line":37,"column":null}},"18":{"start":{"line":31,"column":8},"end":{"line":31,"column":null}},"19":{"start":{"line":32,"column":8},"end":{"line":34,"column":null}},"20":{"start":{"line":33,"column":10},"end":{"line":33,"column":null}},"21":{"start":{"line":36,"column":8},"end":{"line":36,"column":null}},"22":{"start":{"line":36,"column":27},"end":{"line":36,"column":null}},"23":{"start":{"line":38,"column":6},"end":{"line":38,"column":null}},"24":{"start":{"line":40,"column":6},"end":{"line":40,"column":null}},"25":{"start":{"line":45,"column":2},"end":{"line":49,"column":null}},"26":{"start":{"line":46,"column":4},"end":{"line":46,"column":null}},"27":{"start":{"line":47,"column":4},"end":{"line":47,"column":null}},"28":{"start":{"line":52,"column":2},"end":{"line":67,"column":null}},"29":{"start":{"line":53,"column":15},"end":{"line":64,"column":null}},"30":{"start":{"line":54,"column":6},"end":{"line":63,"column":null}},"31":{"start":{"line":55,"column":22},"end":{"line":55,"column":46}},"32":{"start":{"line":56,"column":8},"end":{"line":56,"column":null}},"33":{"start":{"line":56,"column":20},"end":{"line":56,"column":null}},"34":{"start":{"line":57,"column":21},"end":{"line":57,"column":null}},"35":{"start":{"line":58,"column":8},"end":{"line":60,"column":null}},"36":{"start":{"line":59,"column":10},"end":{"line":59,"column":null}},"37":{"start":{"line":65,"column":4},"end":{"line":65,"column":null}},"38":{"start":{"line":65,"column":17},"end":{"line":65,"column":null}},"39":{"start":{"line":69,"column":25},"end":{"line":73,"column":null}},"40":{"start":{"line":70,"column":17},"end":{"line":70,"column":null}},"41":{"start":{"line":71,"column":4},"end":{"line":71,"column":null}},"42":{"start":{"line":72,"column":4},"end":{"line":72,"column":null}},"43":{"start":{"line":75,"column":28},"end":{"line":79,"column":null}},"44":{"start":{"line":76,"column":4},"end":{"line":76,"column":null}},"45":{"start":{"line":77,"column":4},"end":{"line":77,"column":null}},"46":{"start":{"line":78,"column":4},"end":{"line":78,"column":null}},"47":{"start":{"line":81,"column":18},"end":{"line":81,"column":null}},"48":{"start":{"line":99,"column":12},"end":{"line":99,"column":25}},"49":{"start":{"line":107,"column":12},"end":{"line":107,"column":36}}},"fnMap":{"0":{"name":"NewsFeed","decl":{"start":{"line":12,"column":16},"end":{"line":12,"column":25}},"loc":{"start":{"line":12,"column":80},"end":{"line":123,"column":null}}},"1":{"name":"(anonymous_2)","decl":{"start":{"line":26,"column":27},"end":{"line":26,"column":34}},"loc":{"start":{"line":26,"column":45},"end":{"line":42,"column":5}}},"2":{"name":"(anonymous_3)","decl":{"start":{"line":36,"column":17},"end":{"line":36,"column":18}},"loc":{"start":{"line":36,"column":27},"end":{"line":36,"column":null}}},"3":{"name":"(anonymous_4)","decl":{"start":{"line":45,"column":12},"end":{"line":45,"column":null}},"loc":{"start":{"line":45,"column":12},"end":{"line":49,"column":5}}},"4":{"name":"(anonymous_5)","decl":{"start":{"line":52,"column":12},"end":{"line":52,"column":null}},"loc":{"start":{"line":52,"column":12},"end":{"line":67,"column":5}}},"5":{"name":"(anonymous_6)","decl":{"start":{"line":53,"column":27},"end":{"line":53,"column":null}},"loc":{"start":{"line":53,"column":27},"end":{"line":64,"column":7}}},"6":{"name":"(anonymous_7)","decl":{"start":{"line":65,"column":11},"end":{"line":65,"column":17}},"loc":{"start":{"line":65,"column":17},"end":{"line":65,"column":null}}},"7":{"name":"(anonymous_8)","decl":{"start":{"line":69,"column":25},"end":{"line":69,"column":null}},"loc":{"start":{"line":69,"column":25},"end":{"line":73,"column":null}}},"8":{"name":"(anonymous_9)","decl":{"start":{"line":75,"column":28},"end":{"line":75,"column":null}},"loc":{"start":{"line":75,"column":28},"end":{"line":79,"column":null}}},"9":{"name":"(anonymous_10)","decl":{"start":{"line":98,"column":29},"end":{"line":98,"column":30}},"loc":{"start":{"line":99,"column":12},"end":{"line":99,"column":25}}},"10":{"name":"(anonymous_11)","decl":{"start":{"line":106,"column":21},"end":{"line":106,"column":22}},"loc":{"start":{"line":107,"column":12},"end":{"line":107,"column":36}}}},"branchMap":{"0":{"loc":{"start":{"line":12,"column":27},"end":{"line":12,"column":57}},"type":"default-arg","locations":[{"start":{"line":12,"column":44},"end":{"line":12,"column":57}}]},"1":{"loc":{"start":{"line":12,"column":59},"end":{"line":12,"column":71}},"type":"default-arg","locations":[{"start":{"line":12,"column":69},"end":{"line":12,"column":71}}]},"2":{"loc":{"start":{"line":23,"column":8},"end":{"line":23,"column":45}},"type":"cond-expr","locations":[{"start":{"line":23,"column":22},"end":{"line":23,"column":43}},{"start":{"line":23,"column":43},"end":{"line":23,"column":45}}]},"3":{"loc":{"start":{"line":30,"column":6},"end":{"line":37,"column":null}},"type":"if","locations":[{"start":{"line":30,"column":6},"end":{"line":37,"column":null}},{"start":{"line":35,"column":13},"end":{"line":37,"column":null}}]},"4":{"loc":{"start":{"line":32,"column":8},"end":{"line":34,"column":null}},"type":"if","locations":[{"start":{"line":32,"column":8},"end":{"line":34,"column":null}}]},"5":{"loc":{"start":{"line":56,"column":8},"end":{"line":56,"column":null}},"type":"if","locations":[{"start":{"line":56,"column":8},"end":{"line":56,"column":null}}]},"6":{"loc":{"start":{"line":58,"column":8},"end":{"line":60,"column":null}},"type":"if","locations":[{"start":{"line":58,"column":8},"end":{"line":60,"column":null}}]},"7":{"loc":{"start":{"line":85,"column":7},"end":{"line":85,"column":null}},"type":"binary-expr","locations":[{"start":{"line":85,"column":7},"end":{"line":85,"column":null}}]},"8":{"loc":{"start":{"line":97,"column":8},"end":{"line":102,"column":16}},"type":"cond-expr","locations":[{"start":{"line":97,"column":8},"end":{"line":102,"column":16}}]},"9":{"loc":{"start":{"line":96,"column":7},"end":{"line":96,"column":null}},"type":"binary-expr","locations":[{"start":{"line":96,"column":7},"end":{"line":96,"column":18}},{"start":{"line":96,"column":18},"end":{"line":96,"column":null}}]},"10":{"loc":{"start":{"line":103,"column":8},"end":{"line":105,"column":9}},"type":"cond-expr","locations":[{"start":{"line":103,"column":8},"end":{"line":105,"column":9}}]},"11":{"loc":{"start":{"line":112,"column":7},"end":{"line":112,"column":null}},"type":"binary-expr","locations":[{"start":{"line":112,"column":7},"end":{"line":112,"column":null}}]},"12":{"loc":{"start":{"line":118,"column":11},"end":{"line":118,"column":null}},"type":"cond-expr","locations":[{"start":{"line":118,"column":21},"end":{"line":118,"column":34}},{"start":{"line":118,"column":34},"end":{"line":118,"column":null}}]}},"s":{"0":8,"1":2,"2":2,"3":2,"4":2,"5":17,"6":17,"7":17,"8":17,"9":17,"10":17,"11":17,"12":17,"13":17,"14":8,"15":8,"16":8,"17":8,"18":8,"19":8,"20":8,"21":0,"22":0,"23":8,"24":8,"25":17,"26":8,"27":8,"28":17,"29":8,"30":4,"31":4,"32":4,"33":0,"34":4,"35":4,"36":2,"37":8,"38":8,"39":17,"40":0,"41":0,"42":0,"43":17,"44":0,"45":0,"46":0,"47":17,"48":24,"49":9},"f":{"0":17,"1":8,"2":0,"3":8,"4":8,"5":4,"6":8,"7":0,"8":0,"9":24,"10":9},"b":{"0":[12],"1":[17],"2":[0,17],"3":[8,0],"4":[8],"5":[0],"6":[2],"7":[17],"8":[8],"9":[17,8],"10":[0],"11":[17],"12":[0,1]}}
,"C:\\GitSource\\x-ai-news-researcher\\dashboard\\src\\components\\PostCard.tsx": {"path":"C:\\GitSource\\x-ai-news-researcher\\dashboard\\src\\components\\PostCard.tsx","statementMap":{"0":{"start":{"line":14,"column":16},"end":{"line":14,"column":25}},"1":{"start":{"line":8,"column":75},"end":{"line":12,"column":null}},"2":{"start":{"line":16,"column":4},"end":{"line":16,"column":79}},"3":{"start":{"line":18,"column":16},"end":{"line":21,"column":null}},"4":{"start":{"line":48,"column":10},"end":{"line":49,"column":null}}},"fnMap":{"0":{"name":"PostCard","decl":{"start":{"line":14,"column":16},"end":{"line":14,"column":25}},"loc":{"start":{"line":14,"column":40},"end":{"line":81,"column":null}}},"1":{"name":"(anonymous_2)","decl":{"start":{"line":47,"column":25},"end":{"line":47,"column":26}},"loc":{"start":{"line":48,"column":10},"end":{"line":49,"column":null}}}},"branchMap":{"0":{"loc":{"start":{"line":16,"column":4},"end":{"line":16,"column":79}},"type":"cond-expr","locations":[{"start":{"line":16,"column":32},"end":{"line":16,"column":67}},{"start":{"line":16,"column":67},"end":{"line":16,"column":79}}]},"1":{"loc":{"start":{"line":18,"column":16},"end":{"line":21,"column":null}},"type":"binary-expr","locations":[{"start":{"line":18,"column":16},"end":{"line":18,"column":41}},{"start":{"line":18,"column":45},"end":{"line":21,"column":null}}]},"2":{"loc":{"start":{"line":32,"column":9},"end":{"line":32,"column":32}},"type":"binary-expr","locations":[{"start":{"line":32,"column":9},"end":{"line":32,"column":32}},{"start":{"line":32,"column":32},"end":{"line":32,"column":null}}]},"3":{"loc":{"start":{"line":45,"column":11},"end":{"line":45,"column":null}},"type":"binary-expr","locations":[{"start":{"line":45,"column":11},"end":{"line":45,"column":47}},{"start":{"line":45,"column":47},"end":{"line":45,"column":null}}]},"4":{"loc":{"start":{"line":63,"column":22},"end":{"line":63,"column":null}},"type":"cond-expr","locations":[{"start":{"line":63,"column":53},"end":{"line":63,"column":70}},{"start":{"line":63,"column":70},"end":{"line":63,"column":null}}]},"5":{"loc":{"start":{"line":65,"column":11},"end":{"line":65,"column":null}},"type":"cond-expr","locations":[{"start":{"line":65,"column":42},"end":{"line":65,"column":61}},{"start":{"line":65,"column":61},"end":{"line":65,"column":null}}]},"6":{"loc":{"start":{"line":67,"column":9},"end":{"line":67,"column":41}},"type":"binary-expr","locations":[{"start":{"line":67,"column":9},"end":{"line":67,"column":41}},{"start":{"line":67,"column":41},"end":{"line":67,"column":60}}]}},"s":{"0":17,"1":3,"2":17,"3":17,"4":17},"f":{"0":17,"1":17},"b":{"0":[0,17],"1":[17,0],"2":[17,16],"3":[17,0],"4":[15,2],"5":[15,2],"6":[17,15]}}
,"C:\\GitSource\\x-ai-news-researcher\\dashboard\\src\\components\\SearchBox.tsx": {"path":"C:\\GitSource\\x-ai-news-researcher\\dashboard\\src\\components\\SearchBox.tsx","statementMap":{"0":{"start":{"line":8,"column":16},"end":{"line":8,"column":26}},"1":{"start":{"line":2,"column":36},"end":{"line":2,"column":null}},"2":{"start":{"line":9,"column":28},"end":{"line":9,"column":null}},"3":{"start":{"line":11,"column":2},"end":{"line":16,"column":null}},"4":{"start":{"line":12,"column":18},"end":{"line":14,"column":null}},"5":{"start":{"line":13,"column":6},"end":{"line":13,"column":null}},"6":{"start":{"line":15,"column":4},"end":{"line":15,"column":null}},"7":{"start":{"line":15,"column":17},"end":{"line":15,"column":null}},"8":{"start":{"line":24,"column":23},"end":{"line":24,"column":null}}},"fnMap":{"0":{"name":"SearchBox","decl":{"start":{"line":8,"column":16},"end":{"line":8,"column":26}},"loc":{"start":{"line":8,"column":45},"end":{"line":28,"column":null}}},"1":{"name":"(anonymous_2)","decl":{"start":{"line":11,"column":12},"end":{"line":11,"column":null}},"loc":{"start":{"line":11,"column":12},"end":{"line":16,"column":5}}},"2":{"name":"(anonymous_3)","decl":{"start":{"line":12,"column":29},"end":{"line":12,"column":null}},"loc":{"start":{"line":12,"column":29},"end":{"line":14,"column":7}}},"3":{"name":"(anonymous_4)","decl":{"start":{"line":15,"column":11},"end":{"line":15,"column":17}},"loc":{"start":{"line":15,"column":17},"end":{"line":15,"column":null}}},"4":{"name":"(anonymous_5)","decl":{"start":{"line":24,"column":16},"end":{"line":24,"column":17}},"loc":{"start":{"line":24,"column":23},"end":{"line":24,"column":null}}}},"branchMap":{},"s":{"0":19,"1":3,"2":22,"3":22,"4":13,"5":2,"6":13,"7":13,"8":3},"f":{"0":22,"1":13,"2":2,"3":13,"4":3},"b":{}}
}
