TN:
SF:src\components\DigestButton.tsx
FN:5,DigestButton
FN:9,(anonymous_2)
FNF:2
FNH:2
FNDA:6,DigestButton
FNDA:2,(anonymous_2)
DA:2,1
DA:3,1
DA:5,2
DA:6,6
DA:7,6
DA:9,6
DA:10,2
DA:11,2
DA:12,2
DA:13,1
DA:14,1
DA:16,1
DA:17,1
DA:18,1
LF:14
LH:14
BRDA:16,0,0,1
BRDA:16,0,1,0
BRDA:29,1,0,2
BRDA:29,1,1,4
BRDA:31,2,0,6
BRDA:36,3,0,6
BRF:6
BRH:5
end_of_record
TN:
SF:src\components\FilterBar.tsx
FN:17,FilterBar
FN:22,(anonymous_2)
FN:34,(anonymous_3)
FN:40,(anonymous_4)
FN:45,(anonymous_5)
FN:51,(anonymous_6)
FN:60,(anonymous_7)
FN:63,(anonymous_8)
FN:77,(anonymous_9)
FN:80,(anonymous_10)
FNF:10
FNH:10
FNDA:12,FilterBar
FNDA:6,(anonymous_2)
FNDA:2,(anonymous_3)
FNDA:3,(anonymous_4)
FNDA:1,(anonymous_5)
FNDA:1,(anonymous_6)
FNDA:48,(anonymous_7)
FNDA:3,(anonymous_8)
FNDA:48,(anonymous_9)
FNDA:2,(anonymous_10)
DA:2,1
DA:5,1
DA:6,1
DA:17,5
DA:18,12
DA:19,12
DA:20,12
DA:22,12
DA:27,6
DA:28,6
DA:29,6
DA:30,6
DA:31,6
DA:34,12
DA:35,2
DA:36,2
DA:37,2
DA:40,12
DA:41,3
DA:42,3
DA:45,12
DA:46,1
DA:47,1
DA:48,1
DA:51,12
DA:52,1
DA:53,1
DA:54,1
DA:55,1
DA:61,48
DA:63,3
DA:78,48
DA:80,2
LF:33
LH:33
BRDA:28,0,0,2
BRDA:29,1,0,2
BRDA:30,2,0,1
BRDA:35,3,0,0
BRDA:35,3,1,2
BRDA:66,4,0,12
BRDA:66,4,1,36
BRDA:83,5,0,2
BRDA:83,5,1,46
BRF:9
BRH:8
end_of_record
TN:
SF:src\components\NewsFeed.tsx
FN:12,NewsFeed
FN:26,(anonymous_2)
FN:36,(anonymous_3)
FN:45,(anonymous_4)
FN:52,(anonymous_5)
FN:53,(anonymous_6)
FN:65,(anonymous_7)
FN:69,(anonymous_8)
FN:75,(anonymous_9)
FN:98,(anonymous_10)
FN:106,(anonymous_11)
FNF:11
FNH:8
FNDA:17,NewsFeed
FNDA:8,(anonymous_2)
FNDA:0,(anonymous_3)
FNDA:8,(anonymous_4)
FNDA:8,(anonymous_5)
FNDA:4,(anonymous_6)
FNDA:8,(anonymous_7)
FNDA:0,(anonymous_8)
FNDA:0,(anonymous_9)
FNDA:24,(anonymous_10)
FNDA:9,(anonymous_11)
DA:2,2
DA:3,2
DA:4,2
DA:5,2
DA:12,8
DA:13,17
DA:14,17
DA:15,17
DA:16,17
DA:17,17
DA:18,17
DA:19,17
DA:21,17
DA:26,17
DA:27,8
DA:28,8
DA:29,8
DA:30,8
DA:31,8
DA:32,8
DA:33,8
DA:36,0
DA:38,8
DA:40,8
DA:45,17
DA:46,8
DA:47,8
DA:52,17
DA:53,8
DA:54,4
DA:55,4
DA:56,4
DA:57,4
DA:58,4
DA:59,2
DA:65,8
DA:69,17
DA:70,0
DA:71,0
DA:72,0
DA:75,17
DA:76,0
DA:77,0
DA:78,0
DA:81,17
DA:99,24
DA:107,9
LF:47
LH:40
BRDA:12,0,0,12
BRDA:12,1,0,17
BRDA:23,2,0,0
BRDA:23,2,1,17
BRDA:30,3,0,8
BRDA:30,3,1,0
BRDA:32,4,0,8
BRDA:56,5,0,0
BRDA:58,6,0,2
BRDA:85,7,0,17
BRDA:97,8,0,8
BRDA:96,9,0,17
BRDA:96,9,1,8
BRDA:103,10,0,0
BRDA:112,11,0,17
BRDA:118,12,0,0
BRDA:118,12,1,1
BRF:17
BRH:12
end_of_record
TN:
SF:src\components\PostCard.tsx
FN:14,PostCard
FN:47,(anonymous_2)
FNF:2
FNH:2
FNDA:17,PostCard
FNDA:17,(anonymous_2)
DA:8,3
DA:14,17
DA:16,17
DA:18,17
DA:48,17
LF:5
LH:5
BRDA:16,0,0,0
BRDA:16,0,1,17
BRDA:18,1,0,17
BRDA:18,1,1,0
BRDA:32,2,0,17
BRDA:32,2,1,16
BRDA:45,3,0,17
BRDA:45,3,1,0
BRDA:63,4,0,15
BRDA:63,4,1,2
BRDA:65,5,0,15
BRDA:65,5,1,2
BRDA:67,6,0,17
BRDA:67,6,1,15
BRF:14
BRH:11
end_of_record
TN:
SF:src\components\SearchBox.tsx
FN:8,SearchBox
FN:11,(anonymous_2)
FN:12,(anonymous_3)
FN:15,(anonymous_4)
FN:24,(anonymous_5)
FNF:5
FNH:5
FNDA:22,SearchBox
FNDA:13,(anonymous_2)
FNDA:2,(anonymous_3)
FNDA:13,(anonymous_4)
FNDA:3,(anonymous_5)
DA:2,3
DA:8,19
DA:9,22
DA:11,22
DA:12,13
DA:13,2
DA:15,13
DA:24,3
LF:8
LH:8
BRF:0
BRH:0
end_of_record
